[run_web.py]: [INFO] [2021-06-30 18:46:53] line:48->>==>>>开始执行web自动化测试
[rd_yaml.py]: [INFO] [2021-06-30 18:46:53] line:23->>加载 E:\My_code\UIAutoTest\testdata\web_data.yaml 文件......
[rd_yaml.py]: [INFO] [2021-06-30 18:46:54] line:23->>加载 E:\My_code\UIAutoTest\testdata\web_data.yaml 文件......
[conftest.py]: [INFO] [2021-06-30 18:46:54] line:24->>打开浏览器
[browser.py]: [INFO] [2021-06-30 18:46:56] line:46->>在localhost使用chrome执行
[test_01_register.py]: [INFO] [2021-06-30 18:46:56] line:20->>开始执行TestRegister模块测试
[conftest.py]: [INFO] [2021-06-30 18:46:56] line:47->>*************** 开始执行用例：testcase_01 ***************
[base.py]: [INFO] [2021-06-30 18:47:02] line:49->>定位商城主页页面元素：('xpath', '//a[text()="注册"]'), 元素描述：注册
[base.py]: [INFO] [2021-06-30 18:47:02] line:58->>元素定位成功：耗时0.029秒!
[base.py]: [INFO] [2021-06-30 18:47:02] line:111->>点击元素：注册
[base.py]: [INFO] [2021-06-30 18:47:03] line:49->>定位注册页面元素：('xpath', '/html/body/div[4]/div/div/div/div[2]/div/div/div[1]/form/div[1]/input'), 元素描述：用户名输入框
[base.py]: [INFO] [2021-06-30 18:47:03] line:58->>元素定位成功：耗时0.026秒!
[base.py]: [INFO] [2021-06-30 18:47:03] line:94->>输入内容：mik_73
[base.py]: [INFO] [2021-06-30 18:47:03] line:49->>定位注册页面元素：('xpath', '/html/body/div[4]/div/div/div/div[2]/div/div/div[1]/form/div[2]/div/input'), 元素描述：密码输入框
[base.py]: [INFO] [2021-06-30 18:47:03] line:58->>元素定位成功：耗时0.017秒!
[base.py]: [INFO] [2021-06-30 18:47:03] line:94->>输入内容：123456
[base.py]: [INFO] [2021-06-30 18:47:04] line:49->>定位注册页面元素：('xpath', '/html/body/div[4]/div/div/div/div[2]/div/div/div[1]/form/div[3]/label'), 元素描述：阅读并同意
[base.py]: [INFO] [2021-06-30 18:47:04] line:58->>元素定位成功：耗时0.018秒!
[base.py]: [INFO] [2021-06-30 18:47:04] line:111->>点击元素：阅读并同意
[base.py]: [INFO] [2021-06-30 18:47:04] line:49->>定位注册页面元素：('xpath', '/html/body/div[4]/div/div/div/div[2]/div/div/div[1]/form/div[3]/button'), 元素描述：提交
[base.py]: [ERROR] [2021-06-30 18:47:15] line:54->>元素定位失败!
[base.py]: [INFO] [2021-06-30 18:47:15] line:225->>截屏成功,图片路径为E:\My_code\UIAutoTest\imgs\2021-06-30-18-47-15.png
[conftest.py]: [INFO] [2021-06-30 18:47:16] line:49->>*************** 结束执行用例：testcase_01 ***************
[conftest.py]: [INFO] [2021-06-30 18:47:16] line:47->>*************** 开始执行用例：testcase_01 ***************
[base.py]: [INFO] [2021-06-30 18:47:17] line:49->>定位商城主页页面元素：('xpath', '//a[text()="注册"]'), 元素描述：注册
[base.py]: [INFO] [2021-06-30 18:47:17] line:58->>元素定位成功：耗时0.027秒!
[base.py]: [INFO] [2021-06-30 18:47:17] line:111->>点击元素：注册
[base.py]: [INFO] [2021-06-30 18:47:18] line:49->>定位注册页面元素：('xpath', '/html/body/div[4]/div/div/div/div[2]/div/div/div[1]/form/div[1]/input'), 元素描述：用户名输入框
[base.py]: [INFO] [2021-06-30 18:47:18] line:58->>元素定位成功：耗时0.021秒!
[base.py]: [INFO] [2021-06-30 18:47:18] line:94->>输入内容：mik_74
[base.py]: [INFO] [2021-06-30 18:47:18] line:49->>定位注册页面元素：('xpath', '/html/body/div[4]/div/div/div/div[2]/div/div/div[1]/form/div[2]/div/input'), 元素描述：密码输入框
[base.py]: [INFO] [2021-06-30 18:47:18] line:58->>元素定位成功：耗时0.021秒!
[base.py]: [INFO] [2021-06-30 18:47:18] line:94->>输入内容：123456
[base.py]: [INFO] [2021-06-30 18:47:18] line:49->>定位注册页面元素：('xpath', '/html/body/div[4]/div/div/div/div[2]/div/div/div[1]/form/div[3]/label'), 元素描述：阅读并同意
[base.py]: [INFO] [2021-06-30 18:47:18] line:58->>元素定位成功：耗时0.024秒!
[base.py]: [INFO] [2021-06-30 18:47:18] line:111->>点击元素：阅读并同意
[base.py]: [INFO] [2021-06-30 18:47:18] line:49->>定位注册页面元素：('xpath', '/html/body/div[4]/div/div/div/div[2]/div/div/div[1]/form/div[3]/button'), 元素描述：提交
[base.py]: [ERROR] [2021-06-30 18:47:29] line:54->>元素定位失败!
[base.py]: [INFO] [2021-06-30 18:47:30] line:225->>截屏成功,图片路径为E:\My_code\UIAutoTest\imgs\2021-06-30-18-47-29.png
[conftest.py]: [INFO] [2021-06-30 18:47:31] line:49->>*************** 结束执行用例：testcase_01 ***************
[test_01_register.py]: [INFO] [2021-06-30 18:47:31] line:23->>TestRegister模块测试完成
[test_02_login.py]: [INFO] [2021-06-30 18:47:31] line:20->>开始执行TestLogin模块测试
[conftest.py]: [INFO] [2021-06-30 18:47:31] line:47->>*************** 开始执行用例：testcase_01 ***************
[base.py]: [INFO] [2021-06-30 18:47:31] line:49->>定位商城主页页面元素：('xpath', '//a[text()="登录"]'), 元素描述：登录
[base.py]: [INFO] [2021-06-30 18:47:31] line:58->>元素定位成功：耗时0.024秒!
[base.py]: [INFO] [2021-06-30 18:47:31] line:111->>点击元素：登录
[base.py]: [INFO] [2021-06-30 18:47:32] line:49->>定位登录页面元素：('xpath', '/html/body/div[4]/div/div[2]/div[2]/div/div/div[1]/form/div[1]/input'), 元素描述：用户名输入框
[base.py]: [ERROR] [2021-06-30 18:47:43] line:54->>元素定位失败!
[base.py]: [INFO] [2021-06-30 18:47:43] line:225->>截屏成功,图片路径为E:\My_code\UIAutoTest\imgs\2021-06-30-18-47-43.png
[conftest.py]: [INFO] [2021-06-30 18:47:44] line:49->>*************** 结束执行用例：testcase_01 ***************
[conftest.py]: [INFO] [2021-06-30 18:47:44] line:47->>*************** 开始执行用例：testcase_01 ***************
[base.py]: [INFO] [2021-06-30 18:47:46] line:49->>定位商城主页页面元素：('xpath', '//a[text()="登录"]'), 元素描述：登录
[base.py]: [INFO] [2021-06-30 18:47:46] line:58->>元素定位成功：耗时0.052秒!
[base.py]: [INFO] [2021-06-30 18:47:46] line:111->>点击元素：登录
[base.py]: [INFO] [2021-06-30 18:47:46] line:49->>定位登录页面元素：('xpath', '/html/body/div[4]/div/div[2]/div[2]/div/div/div[1]/form/div[1]/input'), 元素描述：用户名输入框
[base.py]: [ERROR] [2021-06-30 18:47:58] line:54->>元素定位失败!
[base.py]: [INFO] [2021-06-30 18:47:58] line:225->>截屏成功,图片路径为E:\My_code\UIAutoTest\imgs\2021-06-30-18-47-58.png
[conftest.py]: [INFO] [2021-06-30 18:47:59] line:49->>*************** 结束执行用例：testcase_01 ***************
[test_02_login.py]: [INFO] [2021-06-30 18:47:59] line:23->>TestLogin模块测试完成
[conftest.py]: [INFO] [2021-06-30 18:47:59] line:47->>*************** 开始执行用例：test_case01 ***************
[base.py]: [INFO] [2021-06-30 18:48:00] line:49->>定位商城主页页面元素：('xpath', '//a[text()="登录"]'), 元素描述：登录
[base.py]: [INFO] [2021-06-30 18:48:00] line:58->>元素定位成功：耗时0.032秒!
[base.py]: [INFO] [2021-06-30 18:48:00] line:111->>点击元素：登录
[base.py]: [INFO] [2021-06-30 18:48:00] line:49->>定位登录页面元素：('xpath', '/html/body/div[4]/div/div[2]/div[2]/div/div/div[1]/form/div[1]/input'), 元素描述：用户名输入框
[base.py]: [ERROR] [2021-06-30 18:48:11] line:54->>元素定位失败!
[base.py]: [INFO] [2021-06-30 18:48:12] line:225->>截屏成功,图片路径为E:\My_code\UIAutoTest\imgs\2021-06-30-18-48-11.png
[conftest.py]: [INFO] [2021-06-30 18:48:13] line:49->>*************** 结束执行用例：test_case01 ***************
[conftest.py]: [INFO] [2021-06-30 18:48:13] line:35->>关闭浏览器
[run_web.py]: [INFO] [2021-06-30 18:48:16] line:50->>==>>>web自动化测试结束
