[run_web.py]: [INFO] [2021-06-10 21:38:52] line:48->>==>>>开始执行web自动化测试
[conftest.py]: [INFO] [2021-06-10 21:38:53] line:24->>打开浏览器
[browser_init.py]: [INFO] [2021-06-10 21:38:58] line:53->>在localhost使用chrome执行
[test_01_register.py]: [INFO] [2021-06-10 21:39:00] line:24->>开始执行TestZc模块测试
[conftest.py]: [INFO] [2021-06-10 21:39:00] line:47->>testcase_01开始测试
[browser_init.py]: [INFO] [2021-06-10 21:39:05] line:86->>开始等待页面元素<('xpath', '/html/body/div[6]/div/div[1]/div[2]/a[2]')>是否可见！
[browser_init.py]: [ERROR] [2021-06-10 21:39:05] line:92->>等待页面元素<('xpath', '/html/body/div[6]/div/div[1]/div[2]/a[2]')>10秒失败！
[browser_init.py]: [ERROR] [2021-06-10 21:39:05] line:261->>截屏失败
[conftest.py]: [INFO] [2021-06-10 21:39:05] line:49->>testcase_01测试结束
[conftest.py]: [INFO] [2021-06-10 21:39:05] line:47->>testcase_01开始测试
[conftest.py]: [INFO] [2021-06-10 21:39:05] line:49->>testcase_01测试结束
[test_01_register.py]: [INFO] [2021-06-10 21:39:05] line:27->>TestZc模块测试完成
[conftest.py]: [INFO] [2021-06-10 21:39:05] line:35->>关闭浏览器
