[run_web.py]: [INFO] [2021-06-30 17:43:59] line:48->>==>>>开始执行web自动化测试
[rd_yaml.py]: [INFO] [2021-06-30 17:44:17] line:23->>加载 E:\My_code\UIAutoTest\testdata\web_data.yaml 文件......
[rd_yaml.py]: [INFO] [2021-06-30 17:44:22] line:23->>加载 E:\My_code\UIAutoTest\testdata\web_data.yaml 文件......
[conftest.py]: [INFO] [2021-06-30 17:44:22] line:24->>打开浏览器
[browser.py]: [INFO] [2021-06-30 17:44:24] line:46->>在localhost使用chrome执行
[test_01_register.py]: [INFO] [2021-06-30 17:44:25] line:20->>开始执行TestRegister模块测试
[conftest.py]: [INFO] [2021-06-30 17:44:25] line:47->>*************** 开始执行用例：testcase_01 ***************
[base.py]: [INFO] [2021-06-30 17:44:25] line:49->>定位商城主页页面元素：('xpath', '/html/body/div[6]/div/div[1]/div[2]/a[2]'), 元素描述：注册
[base.py]: [ERROR] [2021-06-30 17:44:34] line:54->>元素定位失败!
[base.py]: [ERROR] [2021-06-30 17:44:34] line:229->>截屏失败
[conftest.py]: [INFO] [2021-06-30 17:44:34] line:49->>*************** 结束执行用例：testcase_01 ***************
[conftest.py]: [INFO] [2021-06-30 17:44:34] line:47->>*************** 开始执行用例：testcase_01 ***************
[conftest.py]: [INFO] [2021-06-30 17:44:34] line:49->>*************** 结束执行用例：testcase_01 ***************
[test_01_register.py]: [INFO] [2021-06-30 17:44:34] line:23->>TestRegister模块测试完成
[test_02_login.py]: [INFO] [2021-06-30 17:44:34] line:20->>开始执行TestLogin模块测试
[conftest.py]: [INFO] [2021-06-30 17:44:34] line:47->>*************** 开始执行用例：testcase_01 ***************
[conftest.py]: [INFO] [2021-06-30 17:44:34] line:49->>*************** 结束执行用例：testcase_01 ***************
[conftest.py]: [INFO] [2021-06-30 17:44:34] line:47->>*************** 开始执行用例：testcase_01 ***************
[conftest.py]: [INFO] [2021-06-30 17:44:34] line:49->>*************** 结束执行用例：testcase_01 ***************
[test_02_login.py]: [INFO] [2021-06-30 17:44:34] line:23->>TestLogin模块测试完成
[conftest.py]: [INFO] [2021-06-30 17:44:34] line:47->>*************** 开始执行用例：test_case01 ***************
[conftest.py]: [INFO] [2021-06-30 17:44:34] line:49->>*************** 结束执行用例：test_case01 ***************
[conftest.py]: [INFO] [2021-06-30 17:44:34] line:35->>关闭浏览器
[run_web.py]: [INFO] [2021-06-30 17:44:38] line:50->>==>>>web自动化测试结束
