[run_web.py]: [INFO] [2021-07-03 17:54:34] line:48->>==>>>开始执行web自动化测试
[conftest.py]: [INFO] [2021-07-03 17:54:35] line:24->>打开浏览器
[browser.py]: [INFO] [2021-07-03 17:54:37] line:46->>在localhost使用chrome执行
[conftest.py]: [INFO] [2021-07-03 17:54:37] line:47->>*************** 开始执行用例：test_case01 ***************
[base.py]: [INFO] [2021-07-03 17:54:37] line:33->>打开http://39.98.138.157/shopxo/
[base.py]: [INFO] [2021-07-03 17:55:26] line:111->>点击元素：登录
[base.py]: [ERROR] [2021-07-03 17:55:26] line:114->>点击失败,元素不可点击或者元素点位失败
[base.py]: [ERROR] [2021-07-03 17:55:26] line:234->>截屏失败
[conftest.py]: [INFO] [2021-07-03 17:55:26] line:49->>*************** 结束执行用例：test_case01 ***************
[conftest.py]: [INFO] [2021-07-03 17:55:26] line:35->>关闭浏览器
